proguard/seeds.txt
de.uvwxy.whereami.ActivityMain
de.uvwxy.whereami.ActivityMain: ActivityMain()
de.uvwxy.whereami.R$color: int card_border
de.uvwxy.whereami.R$color: int card_grid_text
de.uvwxy.whereami.R$color: int card_light_text
de.uvwxy.whereami.R$color: int card_separator
de.uvwxy.whereami.R$color: int card_text
de.uvwxy.whereami.R$color: int card_title_text
de.uvwxy.whereami.R$color: int stroke
de.uvwxy.whereami.R$color: int text_light
de.uvwxy.whereami.R$dimen: int activity_horizontal_margin
de.uvwxy.whereami.R$dimen: int activity_vertical_margin
de.uvwxy.whereami.R$dimen: int card_large_text
de.uvwxy.whereami.R$dimen: int card_medium_text
de.uvwxy.whereami.R$dimen: int card_small_text
de.uvwxy.whereami.R$drawable: int card
de.uvwxy.whereami.R$drawable: int card_no_shadow
de.uvwxy.whereami.R$drawable: int ic_launcher
de.uvwxy.whereami.R$drawable: int ic_mail
de.uvwxy.whereami.R$drawable: int ic_www
de.uvwxy.whereami.R$drawable: int logo_uvwxy
de.uvwxy.whereami.R$id: int action_settings
de.uvwxy.whereami.R$id: int btnSave
de.uvwxy.whereami.R$id: int btnSend
de.uvwxy.whereami.R$id: int btnShow
de.uvwxy.whereami.R$id: int cbStartUpdates
de.uvwxy.whereami.R$id: int cbStopUpdates
de.uvwxy.whereami.R$id: int cbUseGPS
de.uvwxy.whereami.R$id: int cbUseNetwork
de.uvwxy.whereami.R$id: int hBar0
de.uvwxy.whereami.R$id: int hBar1
de.uvwxy.whereami.R$id: int ivAppIcon
de.uvwxy.whereami.R$id: int ivLogo
de.uvwxy.whereami.R$id: int ivMailLink
de.uvwxy.whereami.R$id: int ivWwwLink
de.uvwxy.whereami.R$id: int llLicenses
de.uvwxy.whereami.R$id: int llSavedLocationsHeader
de.uvwxy.whereami.R$id: int lvSavedLocations
de.uvwxy.whereami.R$id: int map
de.uvwxy.whereami.R$id: int pager
de.uvwxy.whereami.R$id: int pager_title_strip
de.uvwxy.whereami.R$id: int rbAngleDegrees
de.uvwxy.whereami.R$id: int rbAngleDegreesMinutesSeconds
de.uvwxy.whereami.R$id: int rbFoot
de.uvwxy.whereami.R$id: int rbKMH
de.uvwxy.whereami.R$id: int rbKilometres
de.uvwxy.whereami.R$id: int rbMPH
de.uvwxy.whereami.R$id: int rbMetres
de.uvwxy.whereami.R$id: int rbMetresPerSecond
de.uvwxy.whereami.R$id: int rbMiles
de.uvwxy.whereami.R$id: int rbYards
de.uvwxy.whereami.R$id: int rbgAngles
de.uvwxy.whereami.R$id: int rbgLengths
de.uvwxy.whereami.R$id: int rbgVelocities
de.uvwxy.whereami.R$id: int rlBottom
de.uvwxy.whereami.R$id: int sbDist
de.uvwxy.whereami.R$id: int sbTest
de.uvwxy.whereami.R$id: int scrollView1
de.uvwxy.whereami.R$layout: int activity_soundfinder
de.uvwxy.whereami.R$layout: int cardpager
de.uvwxy.whereami.R$layout: int fragment_about
de.uvwxy.whereami.R$layout: int fragment_current_location
de.uvwxy.whereami.R$layout: int fragment_map
de.uvwxy.whereami.R$layout: int fragment_saved_locations
de.uvwxy.whereami.R$layout: int fragment_settings
de.uvwxy.whereami.R$layout: int list_item_location
de.uvwxy.whereami.R$menu: int activity_main
de.uvwxy.whereami.R$raw: int sound_beep
de.uvwxy.whereami.R$raw: int sound_destination
de.uvwxy.whereami.R$raw: int sound_error
de.uvwxy.whereami.R$raw: int sound_noise_static
...
de.uvwxy.cardpager.ActivityCardPager: ActivityCardPager()
de.uvwxy.cardpager.ActivityLicenseDisplay
de.uvwxy.cardpager.ActivityLicenseDisplay: ActivityLicenseDisplay()
de.uvwxy.cardstyle.R$color: int card_border
de.uvwxy.cardstyle.R$color: int card_grid_text
de.uvwxy.cardstyle.R$color: int card_light_text
de.uvwxy.cardstyle.R$color: int card_separator
de.uvwxy.cardstyle.R$color: int card_text
de.uvwxy.cardstyle.R$color: int card_title_text
de.uvwxy.cardstyle.R$color: int stroke
de.uvwxy.cardstyle.R$color: int text_light
de.uvwxy.cardstyle.R$dimen: int activity_horizontal_margin
de.uvwxy.cardstyle.R$dimen: int activity_vertical_margin
de.uvwxy.cardstyle.R$dimen: int card_large_text
de.uvwxy.cardstyle.R$dimen: int card_medium_text
de.uvwxy.cardstyle.R$dimen: int card_small_text
de.uvwxy.cardstyle.R$drawable: int card
de.uvwxy.cardstyle.R$drawable: int card_no_shadow
de.uvwxy.cardstyle.R$drawable: int ic_mail
de.uvwxy.cardstyle.R$drawable: int ic_www
de.uvwxy.cardstyle.R$drawable: int logo_uvwxy
de.uvwxy.cardstyle.R$id: int ivAppIcon
de.uvwxy.cardstyle.R$id: int ivLogo
de.uvwxy.cardstyle.R$id: int ivMailLink
de.uvwxy.cardstyle.R$id: int ivWwwLink
de.uvwxy.cardstyle.R$id: int llLicenses
de.uvwxy.cardstyle.R$id: int pager
de.uvwxy.cardstyle.R$id: int pager_title_strip
de.uvwxy.cardstyle.R$id: int tvAboutApp
de.uvwxy.cardstyle.R$id: int tvLicenseExplanation
de.uvwxy.cardstyle.R$id: int tvLicenses
de.uvwxy.cardstyle.R$id: int tvMailLink
de.uvwxy.cardstyle.R$id: int tvMarketLink
de.uvwxy.cardstyle.R$id: int tvTitle
de.uvwxy.cardstyle.R$layout: int cardpager
de.uvwxy.cardstyle.R$layout: int fragment_about
de.uvwxy.cardstyle.R$string: int about_me
de.uvwxy.cardstyle.R$string: int about_this_app
de.uvwxy.cardstyle.R$string: int about_uvwxy
de.uvwxy.cardstyle.R$string: int contact_
de.uvwxy.cardstyle.R$string: int license_explanation
de.uvwxy.cardstyle.R$string: int lorem
de.uvwxy.cardstyle.R$string: int map_type_not_found_
de.uvwxy.cardstyle.R$string: int not_set
de.uvwxy.cardstyle.R$string: int open_source_licenses
de.uvwxy.cardstyle.R$string: int please_rate_this_app_if_you_like_it_
de.uvwxy.cardstyle.R$string: int save
de.uvwxy.cardstyle.R$style: int AppTheme
de.uvwxy.cardstyle.R$style: int CardBodyLL
de.uvwxy.cardstyle.R$style: int CardHR
de.uvwxy.cardstyle.R$style: int CardRootLL
de.uvwxy.cardstyle.R$style: int CardRootRL
de.uvwxy.cardstyle.R$style: int CardRootSV
de.uvwxy.cardstyle.R$style: int CardStyleTheme
de.uvwxy.cardstyle.R$style: int CardSubTitle
de.uvwxy.cardstyle.R$style: int CardText
de.uvwxy.cardstyle.R$style: int CardTextLarge
de.uvwxy.cardstyle.R$style: int CardTextLargeRight
de.uvwxy.cardstyle.R$style: int CardTextNormal
de.uvwxy.cardstyle.R$style: int CardTitle
de.uvwxy.net.ConnectionType: de.uvwxy.net.ConnectionType[] values()
de.uvwxy.net.ConnectionType: de.uvwxy.net.ConnectionType valueOf(java.lang.String)
de.uvwxy.panzoom.PanZoomType: de.uvwxy.panzoom.PanZoomType[] values()
de.uvwxy.panzoom.PanZoomType: de.uvwxy.panzoom.PanZoomType valueOf(java.lang.String)
de.uvwxy.soundfinder.R$color: int card_border
de.uvwxy.soundfinder.R$color: int card_grid_text
de.uvwxy.soundfinder.R$color: int card_light_text
de.uvwxy.soundfinder.R$color: int card_separator
de.uvwxy.soundfinder.R$color: int card_text
de.uvwxy.soundfinder.R$color: int card_title_text
de.uvwxy.soundfinder.R$color: int stroke
de.uvwxy.soundfinder.R$color: int text_light
de.uvwxy.soundfinder.R$dimen: int activity_horizontal_margin
de.uvwxy.soundfinder.R$dimen: int activity_vertical_margin
de.uvwxy.soundfinder.R$dimen: int card_large_text
de.uvwxy.soundfinder.R$dimen: int card_medium_text
de.uvwxy.soundfinder.R$dimen: int card_small_text
de.uvwxy.soundfinder.R$drawable: int card
de.uvwxy.soundfinder.R$drawable: int card_no_shadow
de.uvwxy.soundfinder.R$drawable: int ic_mail
de.uvwxy.soundfinder.R$drawable: int ic_www
de.uvwxy.soundfinder.R$drawable: int logo_uvwxy