proguard/mapping.txt
de.uvwxy.whereami.ActionShare -> de.uvwxy.whereami.a:
    void share(android.app.Activity,android.location.Location) -> a
    void share(android.app.Activity,de.uvwxy.whereami.db_location.Location) -> a
de.uvwxy.whereami.ActionShare$1 -> de.uvwxy.whereami.b:
    android.app.Activity val$act -> a
    android.location.Location val$loc -> b
    void result(java.lang.String) -> a
de.uvwxy.whereami.ActivityMain -> de.uvwxy.whereami.ActivityMain:
    boolean mLocationUpdatesEnabled -> p
    de.uvwxy.units.Unit mUnitV -> q
    de.uvwxy.units.Unit mUnitL -> r
    de.uvwxy.units.Unit mUnitA -> s
    int mUnitLBreak -> t
    de.uvwxy.whereami.db_location.DBLocationConnection mData -> u
    de.uvwxy.whereami.LocationManager mLoc -> v
    android.content.Context ctx -> E
    de.uvwxy.whereami.ActivityMain dhis -> w
    android.app.Activity act -> x
    android.location.Location mLastLocation -> y
    de.uvwxy.cardpager.FragmentAbout fAbout -> z
    de.uvwxy.whereami.fragments.FragmentSavedLocations fSavedLocations -> A
    de.uvwxy.whereami.fragments.FragmentSavedLocations fSavedLocationsFav -> B
    de.uvwxy.whereami.fragments.FragmentCurrentLocation fCurrentLocation -> C
    de.uvwxy.whereami.fragments.FragmentSettings fSettings -> D
    android.support.v4.app.Fragment getFragment(int) -> a
    java.lang.CharSequence getFragmentTitle(int) -> b
    int getFragmentCount() -> f
    void onCreate(android.os.Bundle) -> onCreate
    void onResume() -> onResume
    void onPause() -> onPause
    void onDestroy() -> onDestroy
    void alertIfProviderIsNotEnabled() -> j
    void setUnits() -> g
    void setUnits(android.content.SharedPreferences) -> a
    void readLength(android.content.SharedPreferences) -> b
    void readSpeed(android.content.SharedPreferences) -> c
    void readAngle(android.content.SharedPreferences) -> d
de.uvwxy.whereami.Converter -> de.uvwxy.whereami.c:
    de.uvwxy.whereami.db_location.Location createLoc(java.lang.String,android.location.Location) -> a
    android.location.Location createLoc(de.uvwxy.whereami.db_location.Location) -> a
de.uvwxy.whereami.ListItemLocationAdapter -> de.uvwxy.whereami.d:
    android.view.LayoutInflater inflater -> a
    java.util.ArrayList locationList -> b
    android.content.Context ctx -> c
    de.uvwxy.whereami.ActivityMain dhis -> d
    void handleMenuItem(int,java.lang.String) -> a
    android.view.View getView(int,android.view.View,android.view.ViewGroup) -> getView
    de.uvwxy.whereami.ActivityMain access$0(de.uvwxy.whereami.ListItemLocationAdapter) -> a
    java.util.ArrayList access$1(de.uvwxy.whereami.ListItemLocationAdapter) -> b
    void access$2(de.uvwxy.whereami.ListItemLocationAdapter,int,java.lang.String) -> a
    android.content.Context access$3(de.uvwxy.whereami.ListItemLocationAdapter) -> c
de.uvwxy.whereami.ListItemLocationAdapter$1 -> de.uvwxy.whereami.e:
    de.uvwxy.whereami.ListItemLocationAdapter this$0 -> a
    de.uvwxy.whereami.db_location.Location val$loc -> b
    android.widget.EditText val$et -> c
    void onClick(android.content.DialogInterface,int) -> onClick
de.uvwxy.whereami.ListItemLocationAdapter$2 -> de.uvwxy.whereami.f:
    de.uvwxy.whereami.ListItemLocationAdapter this$0 -> a
    int val$position -> b
    void onClick(android.content.DialogInterface,int) -> onClick
de.uvwxy.whereami.ListItemLocationAdapter$3 -> de.uvwxy.whereami.g:
    de.uvwxy.whereami.ListItemLocationAdapter this$0 -> a
    int val$position -> b
    void onClick(android.view.View) -> onClick
    de.uvwxy.whereami.ListItemLocationAdapter access$0(de.uvwxy.whereami.ListItemLocationAdapter$3) -> a
de.uvwxy.whereami.ListItemLocationAdapter$3$1 -> de.uvwxy.whereami.h:
    de.uvwxy.whereami.ListItemLocationAdapter$3 this$1 -> a
    int val$position -> b
    void result(java.lang.String) -> a
...
android.support.v4.view.GravityCompat$GravityCompatImplJellybeanMr1 -> android.support.v4.view.q:
    int getAbsoluteGravity(int,int) -> a
android.support.v4.view.GravityCompatJellybeanMr1 -> android.support.v4.view.r:
    int getAbsoluteGravity(int,int) -> a
android.support.v4.view.KeyEventCompat -> android.support.v4.view.s:
    android.support.v4.view.KeyEventCompat$KeyEventVersionImpl IMPL -> a
    boolean hasModifiers(android.view.KeyEvent,int) -> a
    boolean hasNoModifiers(android.view.KeyEvent) -> a
    void startTracking(android.view.KeyEvent) -> b
android.support.v4.view.KeyEventCompat$BaseKeyEventVersionImpl -> android.support.v4.view.t:
    int metaStateFilterDirectionalModifiers(int,int,int,int,int) -> a
    int normalizeMetaState(int) -> a
    boolean metaStateHasModifiers(int,int) -> a
    boolean metaStateHasNoModifiers(int) -> b
    void startTracking(android.view.KeyEvent) -> a
android.support.v4.view.KeyEventCompat$EclairKeyEventVersionImpl -> android.support.v4.view.u:
    void startTracking(android.view.KeyEvent) -> a
android.support.v4.view.KeyEventCompat$HoneycombKeyEventVersionImpl -> android.support.v4.view.v:
    int normalizeMetaState(int) -> a
    boolean metaStateHasModifiers(int,int) -> a
    boolean metaStateHasNoModifiers(int) -> b
android.support.v4.view.KeyEventCompat$KeyEventVersionImpl -> android.support.v4.view.w:
    boolean metaStateHasModifiers(int,int) -> a
    boolean metaStateHasNoModifiers(int) -> b
    void startTracking(android.view.KeyEvent) -> a
android.support.v4.view.KeyEventCompatEclair -> android.support.v4.view.x:
    void startTracking(android.view.KeyEvent) -> a
android.support.v4.view.KeyEventCompatHoneycomb -> android.support.v4.view.y:
    int normalizeMetaState(int) -> a
    boolean metaStateHasModifiers(int,int) -> a
    boolean metaStateHasNoModifiers(int) -> b
android.support.v4.view.MotionEventCompat -> android.support.v4.view.z:
    android.support.v4.view.MotionEventCompat$MotionEventVersionImpl IMPL -> a
    int getActionMasked(android.view.MotionEvent) -> a
    int getActionIndex(android.view.MotionEvent) -> b
    int findPointerIndex(android.view.MotionEvent,int) -> a
    int getPointerId(android.view.MotionEvent,int) -> b
    float getX(android.view.MotionEvent,int) -> c
    float getY(android.view.MotionEvent,int) -> d
    int getPointerCount(android.view.MotionEvent) -> c
android.support.v4.view.MotionEventCompat$BaseMotionEventVersionImpl -> android.support.v4.view.aa:
    int findPointerIndex(android.view.MotionEvent,int) -> a
    int getPointerId(android.view.MotionEvent,int) -> b
    float getX(android.view.MotionEvent,int) -> c
    float getY(android.view.MotionEvent,int) -> d
    int getPointerCount(android.view.MotionEvent) -> a
android.support.v4.view.MotionEventCompat$EclairMotionEventVersionImpl -> android.support.v4.view.ab:
    int findPointerIndex(android.view.MotionEvent,int) -> a
    int getPointerId(android.view.MotionEvent,int) -> b
    float getX(android.view.MotionEvent,int) -> c
    float getY(android.view.MotionEvent,int) -> d
    int getPointerCount(android.view.MotionEvent) -> a
android.support.v4.view.MotionEventCompat$MotionEventVersionImpl -> android.support.v4.view.ac:
    int findPointerIndex(android.view.MotionEvent,int) -> a
    int getPointerId(android.view.MotionEvent,int) -> b
    float getX(android.view.MotionEvent,int) -> c
    float getY(android.view.MotionEvent,int) -> d
    int getPointerCount(android.view.MotionEvent) -> a
android.support.v4.view.MotionEventCompatEclair -> android.support.v4.view.ad:
    int findPointerIndex(android.view.MotionEvent,int) -> a
    int getPointerId(android.view.MotionEvent,int) -> b
    float getX(android.view.MotionEvent,int) -> c
    float getY(android.view.MotionEvent,int) -> d
    int getPointerCount(android.view.MotionEvent) -> a