proguard/usage.txt
de.uvwxy.whereami.ActionShare:
    10:10:public ActionShare()
de.uvwxy.whereami.ActivityMain:
    public static final java.lang.String SETTINGS
    public static final java.lang.String SETTINGS_UPDATES_ON_STARTUP
    public static final boolean SETTINGS_UPDATES_ON_STARTUP_DEF
    public static final java.lang.String SETTINGS_STOP_UPDATES_ONPAUSE
    public static final boolean SETTINGS_STOP_UPDATES_ONPAUSE_DEF
    public static final java.lang.String SETTINGS_USE_GPS
    public static final boolean SETTINGS_USE_GPS_DEF
    public static final java.lang.String SETTINGS_USE_WIFI
    public static final boolean SETTINGS_USE_WIFI_DEF
    public static final java.lang.String SETTINGS_LENGHT_TYPE
    public static final int SETTINGS_METRES
    public static final int SETTINGS_KILOMETRES
    public static final int SETTINGS_FOOT
    public static final int SETTINGS_MILES
    public static final int SETTINGS_YARDS
    public static final int SETTINGS_LENGHT_TYPE_DEF
    public static final java.lang.String SETTINGS_VELOCTIY_TYPE
    public static final int SETTINGS_METRES_PER_SECOND
    public static final int SETTINGS_KMH
    public static final int SETTINGS_MPH
    public static final int SETTINGS_VELOCITY_TYPE_DEF
    public static final java.lang.String SETTINGS_ANGLE_TYPE
    public static final int SETTINGS_ANGLE_DEGREES
    public static final int SETTINGS_ANGLE_MINUTES_SECONDS
    public static final int SETTINGS_ANGLE_TYPE_DEF
de.uvwxy.whereami.BuildConfig
de.uvwxy.whereami.Converter:
    5:5:public Converter()
de.uvwxy.whereami.ListItemLocationAdapter:
    110:110:public java.util.ArrayList getList()
de.uvwxy.whereami.LocationManager:
    59:59:public static double getBearingTo(de.uvwxy.whereami.db_location.Location,android.location.Location)
    63:63:public double getDistanceToHome()
de.uvwxy.whereami.R
de.uvwxy.whereami.R$attr
de.uvwxy.whereami.R$color
de.uvwxy.whereami.R$dimen
de.uvwxy.whereami.R$drawable
de.uvwxy.whereami.R$id
de.uvwxy.whereami.R$layout
de.uvwxy.whereami.R$menu
de.uvwxy.whereami.R$raw
de.uvwxy.whereami.R$string
de.uvwxy.whereami.R$style
de.uvwxy.whereami.db_location.DBLocation:
    private static final java.lang.String DB_NAME
    private static final int DB_VERSION
de.uvwxy.whereami.db_location.DBLocationConnection:
    35:36:public void openReadOnly()
de.uvwxy.whereami.db_location.DBLocationExporter
...
android.support.v4.view.accessibility.AccessibilityNodeInfoCompatKitKat
android.support.v4.view.accessibility.AccessibilityNodeProviderCompatJellyBean:
    28:29:AccessibilityNodeProviderCompatJellyBean()
android.support.v4.view.accessibility.AccessibilityNodeProviderCompatKitKat:
    28:29:AccessibilityNodeProviderCompatKitKat()
android.support.v4.view.accessibility.AccessibilityRecordCompat:
    539:539:public java.lang.Object getImpl()
    550:550:public static android.support.v4.view.accessibility.AccessibilityRecordCompat obtain(android.support.v4.view.accessibility.AccessibilityRecordCompat)
    571:572:public void setSource(android.view.View)
    589:590:public void setSource(android.view.View,int)
    605:605:public android.support.v4.view.accessibility.AccessibilityNodeInfoCompat getSource()
    614:614:public int getWindowId()
    623:623:public boolean isChecked()
    634:635:public void setChecked(boolean)
    643:643:public boolean isEnabled()
    654:655:public void setEnabled(boolean)
    663:663:public boolean isPassword()
    674:675:public void setPassword(boolean)
    683:683:public boolean isFullScreen()
    694:695:public void setFullScreen(boolean)
    703:703:public boolean isScrollable()
    723:723:public int getItemCount()
    743:743:public int getCurrentItemIndex()
    754:755:public void setCurrentItemIndex(int)
    766:766:public int getFromIndex()
    790:790:public int getToIndex()
    809:809:public int getScrollX()
    818:819:public void setScrollX(int)
    827:827:public int getScrollY()
    836:837:public void setScrollY(int)
    845:845:public int getMaxScrollX()
    853:854:public void setMaxScrollX(int)
    862:862:public int getMaxScrollY()
    871:872:public void setMaxScrollY(int)
    880:880:public int getAddedCount()
android.support.v4.view.accessibility.AccessibilityRecordCompat$AccessibilityRecordIcsImpl:
    276:276:public java.lang.Object obtain(java.lang.Object)
    281:281:public int getAddedCount(java.lang.Object)
    286:286:public java.lang.CharSequence getBeforeText(java.lang.Object)
    291:291:public java.lang.CharSequence getClassName(java.lang.Object)
    296:296:public java.lang.CharSequence getContentDescription(java.lang.Object)
    301:301:public int getCurrentItemIndex(java.lang.Object)
    306:306:public int getFromIndex(java.lang.Object)
    311:311:public int getItemCount(java.lang.Object)
    316:316:public android.os.Parcelable getParcelableData(java.lang.Object)
    321:321:public int getRemovedCount(java.lang.Object)
    326:326:public int getScrollX(java.lang.Object)
    331:331:public int getScrollY(java.lang.Object)
    336:336:public android.support.v4.view.accessibility.AccessibilityNodeInfoCompat getSource(java.lang.Object)
    342:342:public java.util.List getText(java.lang.Object)
    347:347:public int getToIndex(java.lang.Object)
    352:352:public int getWindowId(java.lang.Object)
    357:357:public boolean isChecked(java.lang.Object)
    362:362:public boolean isEnabled(java.lang.Object)
    367:367:public boolean isFullScreen(java.lang.Object)
    372:372:public boolean isPassword(java.lang.Object)
    377:377:public boolean isScrollable(java.lang.Object)
    382:383:public void recycle(java.lang.Object)
android.support.v4.view.accessibility.AccessibilityRecordCompat$AccessibilityRecordIcsMr1Impl:
    479:479:public int getMaxScrollX(java.lang.Object)
    484:484:public int getMaxScrollY(java.lang.Object)
    489:490:public void setMaxScrollX(java.lang.Object,int)
    494:495:public void setMaxScrollY(java.lang.Object,int)